<?xml version="1.0" encoding="UTF-8"?>
<testng-results ignored="0" total="1" passed="1" failed="0" skipped="0">
  <reporter-output>
  </reporter-output>
  <suite started-at="2022-09-19T11:56:10 IST" name="Default suite" finished-at="2022-09-19T11:56:18 IST" duration-ms="7845">
    <groups>
    </groups>
    <test started-at="2022-09-19T11:56:10 IST" name="Default test" finished-at="2022-09-19T11:56:18 IST" duration-ms="7845">
      <class name="Mobile_World.Homepage">
        <test-method signature="register()[pri:0, instance:Mobile_World.Homepage@223aa2f7]" started-at="2022-09-19T11:56:10 IST" name="register" finished-at="2022-09-19T11:56:18 IST" duration-ms="7806" status="PASS">
          <reporter-output>
          </reporter-output>
        </test-method> <!-- register -->
      </class> <!-- Mobile_World.Homepage -->
    </test> <!-- Default test -->
  </suite> <!-- Default suite -->
</testng-results>
